<?xml version="1.0" encoding="UTF-8"?>
<testsuite name="Se realizaran pruebas para ver el  cambio de logo banistmo para Mpos, Pos, Csi." tests="8" skipped="0" failures="1" errors="0" timestamp="2023-05-16T20:39:30" hostname="CHMEPGD5KDL3" time="13.79">
  <properties/>
  <testcase name="ejecucion de  cambio de logo en POS S500" classname="Se realizaran pruebas para ver el  cambio de logo banistmo para Mpos, Pos, Csi." time="3.401">
    <failure message="java.lang.AssertionError" type="java.lang.AssertionError">java.lang.AssertionError
	at org.junit.Assert.fail(Assert.java:86)
	at org.junit.Assert.assertTrue(Assert.java:41)
	at com.banistmo.certificacion.ManualTests.validate(ManualTests.java:23)
	at com.banistmo.certificacion.stepdefinitions.ManualStepDefinitions.stepValidator(ManualStepDefinitions.java:18)
	at ✽.a que ingreso a mpos pos csi(src/test/resources/features/cambio_logo_banistmo.feature:8)
</failure>
  </testcase>
  <testcase name="ejecucion de  cambio de logo en POS S800" classname="Se realizaran pruebas para ver el  cambio de logo banistmo para Mpos, Pos, Csi." time="5.057"/>
  <testcase name="ejecucion de  cambio de logo en POS D210" classname="Se realizaran pruebas para ver el  cambio de logo banistmo para Mpos, Pos, Csi." time="0.991"/>
  <testcase name="ejecucion de  cambio de logo en POS S900" classname="Se realizaran pruebas para ver el  cambio de logo banistmo para Mpos, Pos, Csi." time="0.777"/>
  <testcase name="ejecucion de  cambio de logo en POS S920" classname="Se realizaran pruebas para ver el  cambio de logo banistmo para Mpos, Pos, Csi." time="0.571"/>
  <testcase name="ejecucion de  cambio de logo en POS S80" classname="Se realizaran pruebas para ver el  cambio de logo banistmo para Mpos, Pos, Csi." time="0.758"/>
  <testcase name="ejecucion de  cambio de logo en POS S90" classname="Se realizaran pruebas para ver el  cambio de logo banistmo para Mpos, Pos, Csi." time="0.776"/>
  <testcase name="ejecucion de  cambio de imagen en CSI" classname="Se realizaran pruebas para ver el  cambio de logo banistmo para Mpos, Pos, Csi." time="1.32"/>
  <system-out><![CDATA[]]></system-out>
  <system-err><![CDATA[[Test worker] ERROR net.thucydides.core.steps.ConsoleLoggingListener - 
           __  _____ _____ ____ _____   _____ _    ___ _     _____ ____  
  _       / / |_   _| ____/ ___|_   _| |  ___/ \  |_ _| |   | ____|  _ \ 
 (_)_____| |    | | |  _| \___ \ | |   | |_ / _ \  | || |   |  _| | | | |
  _|_____| |    | | | |___ ___) || |   |  _/ ___ \ | || |___| |___| |_| |
 (_)     | |    |_| |_____|____/ |_|   |_|/_/   \_\___|_____|_____|____/ 
          \_\                                                            

TEST FAILED: ejecucion de  cambio de logo en POS S500
--------------------------------------------------------------------------
[Test worker] ERROR net.thucydides.core.steps.ConsoleLoggingListener - TEST FAILED AT STEP Dado a que ingreso a mpos pos csi
[Test worker] ERROR net.thucydides.core.steps.ConsoleLoggingListener - 
[Test worker] INFO net.thucydides.core.steps.ConsoleLoggingListener - 
        __    _____ _____ ____ _____   ____   _    ____  ____  _____ ____  
  _     \ \  |_   _| ____/ ___|_   _| |  _ \ / \  / ___|/ ___|| ____|  _ \ 
 (_)_____| |   | | |  _| \___ \ | |   | |_) / _ \ \___ \\___ \|  _| | | | |
  _|_____| |   | | | |___ ___) || |   |  __/ ___ \ ___) |___) | |___| |_| |
 (_)     | |   |_| |_____|____/ |_|   |_| /_/   \_\____/|____/|_____|____/ 
        /_/                                                                

TEST PASSED: ejecucion de  cambio de logo en POS S800
----------------------------------------------------------------------------
[Test worker] INFO net.thucydides.core.steps.ConsoleLoggingListener - 
        __    _____ _____ ____ _____   ____   _    ____  ____  _____ ____  
  _     \ \  |_   _| ____/ ___|_   _| |  _ \ / \  / ___|/ ___|| ____|  _ \ 
 (_)_____| |   | | |  _| \___ \ | |   | |_) / _ \ \___ \\___ \|  _| | | | |
  _|_____| |   | | | |___ ___) || |   |  __/ ___ \ ___) |___) | |___| |_| |
 (_)     | |   |_| |_____|____/ |_|   |_| /_/   \_\____/|____/|_____|____/ 
        /_/                                                                

TEST PASSED: ejecucion de  cambio de logo en POS D210
----------------------------------------------------------------------------
[Test worker] INFO net.thucydides.core.steps.ConsoleLoggingListener - 
        __    _____ _____ ____ _____   ____   _    ____  ____  _____ ____  
  _     \ \  |_   _| ____/ ___|_   _| |  _ \ / \  / ___|/ ___|| ____|  _ \ 
 (_)_____| |   | | |  _| \___ \ | |   | |_) / _ \ \___ \\___ \|  _| | | | |
  _|_____| |   | | | |___ ___) || |   |  __/ ___ \ ___) |___) | |___| |_| |
 (_)     | |   |_| |_____|____/ |_|   |_| /_/   \_\____/|____/|_____|____/ 
        /_/                                                                

TEST PASSED: ejecucion de  cambio de logo en POS S900
----------------------------------------------------------------------------
[Test worker] INFO net.thucydides.core.steps.ConsoleLoggingListener - 
        __    _____ _____ ____ _____   ____   _    ____  ____  _____ ____  
  _     \ \  |_   _| ____/ ___|_   _| |  _ \ / \  / ___|/ ___|| ____|  _ \ 
 (_)_____| |   | | |  _| \___ \ | |   | |_) / _ \ \___ \\___ \|  _| | | | |
  _|_____| |   | | | |___ ___) || |   |  __/ ___ \ ___) |___) | |___| |_| |
 (_)     | |   |_| |_____|____/ |_|   |_| /_/   \_\____/|____/|_____|____/ 
        /_/                                                                

TEST PASSED: ejecucion de  cambio de logo en POS S920
----------------------------------------------------------------------------
[Test worker] INFO net.thucydides.core.steps.ConsoleLoggingListener - 
        __    _____ _____ ____ _____   ____   _    ____  ____  _____ ____  
  _     \ \  |_   _| ____/ ___|_   _| |  _ \ / \  / ___|/ ___|| ____|  _ \ 
 (_)_____| |   | | |  _| \___ \ | |   | |_) / _ \ \___ \\___ \|  _| | | | |
  _|_____| |   | | | |___ ___) || |   |  __/ ___ \ ___) |___) | |___| |_| |
 (_)     | |   |_| |_____|____/ |_|   |_| /_/   \_\____/|____/|_____|____/ 
        /_/                                                                

TEST PASSED: ejecucion de  cambio de logo en POS S80
----------------------------------------------------------------------------
[Test worker] INFO net.thucydides.core.steps.ConsoleLoggingListener - 
        __    _____ _____ ____ _____   ____   _    ____  ____  _____ ____  
  _     \ \  |_   _| ____/ ___|_   _| |  _ \ / \  / ___|/ ___|| ____|  _ \ 
 (_)_____| |   | | |  _| \___ \ | |   | |_) / _ \ \___ \\___ \|  _| | | | |
  _|_____| |   | | | |___ ___) || |   |  __/ ___ \ ___) |___) | |___| |_| |
 (_)     | |   |_| |_____|____/ |_|   |_| /_/   \_\____/|____/|_____|____/ 
        /_/                                                                

TEST PASSED: ejecucion de  cambio de logo en POS S90
----------------------------------------------------------------------------
[Test worker] INFO net.thucydides.core.steps.ConsoleLoggingListener - 
        __    _____ _____ ____ _____   ____   _    ____  ____  _____ ____  
  _     \ \  |_   _| ____/ ___|_   _| |  _ \ / \  / ___|/ ___|| ____|  _ \ 
 (_)_____| |   | | |  _| \___ \ | |   | |_) / _ \ \___ \\___ \|  _| | | | |
  _|_____| |   | | | |___ ___) || |   |  __/ ___ \ ___) |___) | |___| |_| |
 (_)     | |   |_| |_____|____/ |_|   |_| /_/   \_\____/|____/|_____|____/ 
        /_/                                                                

TEST PASSED: ejecucion de  cambio de imagen en CSI
----------------------------------------------------------------------------
]]></system-err>
</testsuite>
